<?xml version="1.0" encoding="UTF-8"?>
<testng-results skipped="0" failed="0" total="1" passed="1">
  <reporter-output>
  </reporter-output>
  <suite name="Default suite" duration-ms="24352" started-at="2017-01-19T23:48:12Z" finished-at="2017-01-19T23:48:36Z">
    <groups>
    </groups>
    <test name="Default test" duration-ms="24352" started-at="2017-01-19T23:48:12Z" finished-at="2017-01-19T23:48:36Z">
      <class name="com.selenium.gmail.testcases.FileUpload">
        <test-method status="PASS" signature="beforeClass()[pri:0, instance:com.selenium.gmail.testcases.FileUpload@47c62251]" name="beforeClass" is-config="true" duration-ms="634" started-at="2017-01-19T18:48:12Z" finished-at="2017-01-19T18:48:13Z">
          <reporter-output>
          </reporter-output>
        </test-method> <!-- beforeClass -->
        <test-method status="PASS" signature="fileUpload(java.lang.String, java.lang.String)[pri:0, instance:com.selenium.gmail.testcases.FileUpload@47c62251]" name="fileUpload" duration-ms="23678" started-at="2017-01-19T18:48:13Z" data-provider="loginTests" finished-at="2017-01-19T18:48:36Z">
          <params>
            <param index="0">
              <value>
                <![CDATA[renuka.matkar92@gmail.com]]>
              </value>
            </param>
            <param index="1">
              <value>
                <![CDATA[9425611178]]>
              </value>
            </param>
          </params>
          <reporter-output>
          </reporter-output>
        </test-method> <!-- fileUpload -->
        <test-method status="PASS" signature="afterClass()[pri:0, instance:com.selenium.gmail.testcases.FileUpload@47c62251]" name="afterClass" is-config="true" duration-ms="1" started-at="2017-01-19T18:48:36Z" finished-at="2017-01-19T18:48:36Z">
          <reporter-output>
          </reporter-output>
        </test-method> <!-- afterClass -->
      </class> <!-- com.selenium.gmail.testcases.FileUpload -->
    </test> <!-- Default test -->
  </suite> <!-- Default suite -->
</testng-results>
