<?xml version="1.0" encoding="UTF-8"?>
<testng-results skipped="0" failed="0" total="1" passed="1">
  <reporter-output>
  </reporter-output>
  <suite name="Default suite" duration-ms="26391" started-at="2017-01-20T23:01:16Z" finished-at="2017-01-20T23:01:42Z">
    <groups>
    </groups>
    <test name="Default test" duration-ms="26391" started-at="2017-01-20T23:01:16Z" finished-at="2017-01-20T23:01:42Z">
      <class name="com.selenium.gmail.testcases.FileUpload">
        <test-method status="PASS" signature="beforeClass()[pri:0, instance:com.selenium.gmail.testcases.FileUpload@77cd7a0]" name="beforeClass" is-config="true" duration-ms="588" started-at="2017-01-20T18:01:16Z" finished-at="2017-01-20T18:01:17Z">
          <reporter-output>
          </reporter-output>
        </test-method> <!-- beforeClass -->
        <test-method status="PASS" signature="fileUpload(java.lang.String, java.lang.String, java.lang.String)[pri:0, instance:com.selenium.gmail.testcases.FileUpload@77cd7a0]" name="fileUpload" duration-ms="25611" started-at="2017-01-20T18:01:17Z" data-provider="Fileupload" finished-at="2017-01-20T18:01:42Z">
          <params>
            <param index="0">
              <value>
                <![CDATA[renuka.matkar92@gmail.com]]>
              </value>
            </param>
            <param index="1">
              <value>
                <![CDATA[file upload]]>
              </value>
            </param>
            <param index="2">
              <value>
                <![CDATA[//Users//renukamatkar//Desktop//testfile.txt]]>
              </value>
            </param>
          </params>
          <reporter-output>
          </reporter-output>
        </test-method> <!-- fileUpload -->
        <test-method status="PASS" signature="afterClass()[pri:0, instance:com.selenium.gmail.testcases.FileUpload@77cd7a0]" name="afterClass" is-config="true" duration-ms="161" started-at="2017-01-20T18:01:42Z" finished-at="2017-01-20T18:01:42Z">
          <reporter-output>
          </reporter-output>
        </test-method> <!-- afterClass -->
      </class> <!-- com.selenium.gmail.testcases.FileUpload -->
    </test> <!-- Default test -->
  </suite> <!-- Default suite -->
</testng-results>
